15:11:58.610 [main] INFO  org.testng.internal.Utils - [TestNG] Running:
  C:\Users\ADMIN\AppData\Local\JetBrains\IdeaIC2024.2\temp-testng-customsuite.xml

15:12:20.885 [main] INFO  testCases.TC_001_AccountRegistrationTest - ***** Starting TC_001_Account RegistrationTest *****
15:12:20.937 [main] INFO  testCases.TC_001_AccountRegistrationTest - Clicked on My Account Link
15:12:21.168 [main] INFO  testCases.TC_001_AccountRegistrationTest - Clicked on My Register Link
15:12:21.169 [main] INFO  testCases.TC_001_AccountRegistrationTest - Providing Customer Details
15:12:26.541 [main] INFO  testCases.TC_001_AccountRegistrationTest - Validating Expected Result
15:12:26.563 [main] INFO  testCases.TC_001_AccountRegistrationTest - ***** Finished TC_001_Account RegistrationTest *****
15:13:26.639 [main] INFO  org.testng.internal.Utils - [TestNG] Running:
  C:\Users\ADMIN\AppData\Local\JetBrains\IdeaIC2024.2\temp-testng-customsuite.xml

15:13:28.667 [main] INFO  testCases.TC_001_AccountRegistrationTest - ***** Starting TC_001_Account RegistrationTest *****
15:13:28.719 [main] INFO  testCases.TC_001_AccountRegistrationTest - Clicked on My Account Link
15:13:28.951 [main] INFO  testCases.TC_001_AccountRegistrationTest - Clicked on My Register Link
15:13:28.952 [main] INFO  testCases.TC_001_AccountRegistrationTest - Providing Customer Details
15:13:34.902 [main] INFO  testCases.TC_001_AccountRegistrationTest - Validating Expected Result
15:13:34.952 [main] INFO  testCases.TC_001_AccountRegistrationTest - ***** Finished TC_001_Account RegistrationTest *****
16:15:06.504 [main] INFO  org.testng.internal.Utils - [TestNG] Running:
  E:\Selenium SDET QA Hybrid FrameWork\OpenCartApplication\master.xml

16:15:08.754 [main] INFO  testCases.TC_001_AccountRegistrationTest - ***** Starting TC_001_Account RegistrationTest *****
16:15:08.807 [main] INFO  testCases.TC_001_AccountRegistrationTest - Clicked on My Account Link
16:15:09.498 [main] INFO  testCases.TC_001_AccountRegistrationTest - Clicked on My Register Link
16:15:09.500 [main] INFO  testCases.TC_001_AccountRegistrationTest - Providing Customer Details
16:15:15.619 [main] INFO  testCases.TC_001_AccountRegistrationTest - Validating Expected Result
16:15:52.599 [main] INFO  org.testng.internal.Utils - [TestNG] Running:
  E:\Selenium SDET QA Hybrid FrameWork\OpenCartApplication\master.xml

16:15:54.474 [main] INFO  testCases.TC_001_AccountRegistrationTest - ***** Starting TC_001_Account RegistrationTest *****
16:15:54.525 [main] INFO  testCases.TC_001_AccountRegistrationTest - Clicked on My Account Link
16:15:54.765 [main] INFO  testCases.TC_001_AccountRegistrationTest - Clicked on My Register Link
16:15:54.766 [main] INFO  testCases.TC_001_AccountRegistrationTest - Providing Customer Details
16:16:00.532 [main] INFO  testCases.TC_001_AccountRegistrationTest - Validating Expected Result
16:16:00.567 [main] INFO  testCases.TC_001_AccountRegistrationTest - ***** Finished TC_001_Account RegistrationTest *****
16:21:53.829 [main] INFO  org.testng.internal.Utils - [TestNG] Running:
  E:\Selenium SDET QA Hybrid FrameWork\OpenCartApplication\crossbrowsertesting.xml

16:21:55.563 [main] INFO  testCases.TC_001_AccountRegistrationTest - ***** Starting TC_001_Account RegistrationTest *****
16:21:55.623 [main] INFO  testCases.TC_001_AccountRegistrationTest - Clicked on My Account Link
16:21:55.856 [main] INFO  testCases.TC_001_AccountRegistrationTest - Clicked on My Register Link
16:21:55.857 [main] INFO  testCases.TC_001_AccountRegistrationTest - Providing Customer Details
16:22:01.589 [main] INFO  testCases.TC_001_AccountRegistrationTest - Validating Expected Result
16:22:01.642 [main] INFO  testCases.TC_001_AccountRegistrationTest - ***** Finished TC_001_Account RegistrationTest *****
16:22:03.895 [main] INFO  testCases.TC_001_AccountRegistrationTest - ***** Starting TC_001_Account RegistrationTest *****
16:22:03.945 [main] INFO  testCases.TC_001_AccountRegistrationTest - Clicked on My Account Link
16:22:04.185 [main] INFO  testCases.TC_001_AccountRegistrationTest - Clicked on My Register Link
16:22:04.186 [main] INFO  testCases.TC_001_AccountRegistrationTest - Providing Customer Details
16:22:10.259 [main] INFO  testCases.TC_001_AccountRegistrationTest - Validating Expected Result
16:22:10.299 [main] INFO  testCases.TC_001_AccountRegistrationTest - ***** Finished TC_001_Account RegistrationTest *****
16:22:17.486 [main] INFO  testCases.TC_001_AccountRegistrationTest - ***** Starting TC_001_Account RegistrationTest *****
16:22:17.728 [main] INFO  testCases.TC_001_AccountRegistrationTest - Clicked on My Account Link
16:22:18.006 [main] INFO  testCases.TC_001_AccountRegistrationTest - Clicked on My Register Link
16:22:18.006 [main] INFO  testCases.TC_001_AccountRegistrationTest - Providing Customer Details
16:22:23.823 [main] INFO  testCases.TC_001_AccountRegistrationTest - Validating Expected Result
16:22:23.862 [main] INFO  testCases.TC_001_AccountRegistrationTest - ***** Finished TC_001_Account RegistrationTest *****
